{"/home/kochev/Documents/decoderUplink/decoder.js": {"path":"/home/kochev/Documents/decoderUplink/decoder.js","statementMap":{"0":{"start":{"line":1,"column":0},"end":{"line":1,"column":28}},"1":{"start":{"line":2,"column":21},"end":{"line":193,"column":1}},"2":{"start":{"line":3,"column":4},"end":{"line":192,"column":5}},"3":{"start":{"line":4,"column":24},"end":{"line":4,"column":29}},"4":{"start":{"line":5,"column":19},"end":{"line":5,"column":21}},"5":{"start":{"line":6,"column":32},"end":{"line":22,"column":9}},"6":{"start":{"line":7,"column":13},"end":{"line":7,"column":49}},"7":{"start":{"line":9,"column":27},"end":{"line":9,"column":91}},"8":{"start":{"line":10,"column":12},"end":{"line":10,"column":44}},"9":{"start":{"line":12,"column":26},"end":{"line":12,"column":52}},"10":{"start":{"line":13,"column":12},"end":{"line":13,"column":33}},"11":{"start":{"line":15,"column":12},"end":{"line":15,"column":40}},"12":{"start":{"line":17,"column":30},"end":{"line":17,"column":57}},"13":{"start":{"line":18,"column":12},"end":{"line":18,"column":42}},"14":{"start":{"line":20,"column":12},"end":{"line":20,"column":64}},"15":{"start":{"line":21,"column":12},"end":{"line":21,"column":24}},"16":{"start":{"line":23,"column":31},"end":{"line":178,"column":9}},"17":{"start":{"line":24,"column":27},"end":{"line":24,"column":95}},"18":{"start":{"line":24,"column":45},"end":{"line":24,"column":80}},"19":{"start":{"line":25,"column":30},"end":{"line":25,"column":31}},"20":{"start":{"line":26,"column":12},"end":{"line":176,"column":15}},"21":{"start":{"line":27,"column":16},"end":{"line":174,"column":17}},"22":{"start":{"line":29,"column":24},"end":{"line":29,"column":40}},"23":{"start":{"line":30,"column":48},"end":{"line":30,"column":63}},"24":{"start":{"line":31,"column":48},"end":{"line":31,"column":63}},"25":{"start":{"line":32,"column":24},"end":{"line":35,"column":26}},"26":{"start":{"line":36,"column":24},"end":{"line":36,"column":30}},"27":{"start":{"line":39,"column":24},"end":{"line":39,"column":40}},"28":{"start":{"line":40,"column":24},"end":{"line":40,"column":75}},"29":{"start":{"line":41,"column":24},"end":{"line":41,"column":30}},"30":{"start":{"line":44,"column":24},"end":{"line":44,"column":40}},"31":{"start":{"line":45,"column":48},"end":{"line":45,"column":77}},"32":{"start":{"line":46,"column":48},"end":{"line":46,"column":74}},"33":{"start":{"line":47,"column":24},"end":{"line":47,"column":63}},"34":{"start":{"line":48,"column":24},"end":{"line":48,"column":30}},"35":{"start":{"line":51,"column":24},"end":{"line":51,"column":40}},"36":{"start":{"line":52,"column":24},"end":{"line":52,"column":72}},"37":{"start":{"line":53,"column":24},"end":{"line":53,"column":30}},"38":{"start":{"line":56,"column":24},"end":{"line":56,"column":40}},"39":{"start":{"line":57,"column":37},"end":{"line":57,"column":101}},"40":{"start":{"line":58,"column":38},"end":{"line":58,"column":102}},"41":{"start":{"line":59,"column":24},"end":{"line":59,"column":62}},"42":{"start":{"line":60,"column":24},"end":{"line":60,"column":30}},"43":{"start":{"line":63,"column":24},"end":{"line":63,"column":40}},"44":{"start":{"line":64,"column":24},"end":{"line":67,"column":26}},"45":{"start":{"line":68,"column":24},"end":{"line":68,"column":30}},"46":{"start":{"line":71,"column":24},"end":{"line":71,"column":40}},"47":{"start":{"line":72,"column":24},"end":{"line":75,"column":26}},"48":{"start":{"line":76,"column":24},"end":{"line":76,"column":30}},"49":{"start":{"line":79,"column":24},"end":{"line":79,"column":40}},"50":{"start":{"line":80,"column":24},"end":{"line":80,"column":82}},"51":{"start":{"line":81,"column":24},"end":{"line":81,"column":30}},"52":{"start":{"line":84,"column":24},"end":{"line":84,"column":40}},"53":{"start":{"line":85,"column":24},"end":{"line":85,"column":119}},"54":{"start":{"line":86,"column":24},"end":{"line":86,"column":30}},"55":{"start":{"line":89,"column":24},"end":{"line":89,"column":40}},"56":{"start":{"line":90,"column":24},"end":{"line":90,"column":96}},"57":{"start":{"line":91,"column":24},"end":{"line":91,"column":30}},"58":{"start":{"line":94,"column":24},"end":{"line":94,"column":40}},"59":{"start":{"line":95,"column":24},"end":{"line":95,"column":79}},"60":{"start":{"line":96,"column":24},"end":{"line":96,"column":30}},"61":{"start":{"line":99,"column":24},"end":{"line":99,"column":40}},"62":{"start":{"line":100,"column":24},"end":{"line":100,"column":93}},"63":{"start":{"line":101,"column":24},"end":{"line":101,"column":30}},"64":{"start":{"line":104,"column":24},"end":{"line":104,"column":40}},"65":{"start":{"line":105,"column":24},"end":{"line":105,"column":80}},"66":{"start":{"line":106,"column":24},"end":{"line":106,"column":30}},"67":{"start":{"line":109,"column":24},"end":{"line":109,"column":40}},"68":{"start":{"line":110,"column":24},"end":{"line":113,"column":26}},"69":{"start":{"line":114,"column":24},"end":{"line":114,"column":30}},"70":{"start":{"line":117,"column":24},"end":{"line":117,"column":40}},"71":{"start":{"line":118,"column":24},"end":{"line":121,"column":26}},"72":{"start":{"line":122,"column":24},"end":{"line":122,"column":30}},"73":{"start":{"line":125,"column":24},"end":{"line":125,"column":40}},"74":{"start":{"line":126,"column":24},"end":{"line":129,"column":26}},"75":{"start":{"line":130,"column":24},"end":{"line":130,"column":30}},"76":{"start":{"line":133,"column":24},"end":{"line":133,"column":40}},"77":{"start":{"line":134,"column":24},"end":{"line":137,"column":26}},"78":{"start":{"line":138,"column":24},"end":{"line":138,"column":30}},"79":{"start":{"line":141,"column":24},"end":{"line":141,"column":40}},"80":{"start":{"line":142,"column":24},"end":{"line":142,"column":124}},"81":{"start":{"line":143,"column":24},"end":{"line":143,"column":30}},"82":{"start":{"line":146,"column":24},"end":{"line":146,"column":40}},"83":{"start":{"line":147,"column":24},"end":{"line":147,"column":124}},"84":{"start":{"line":148,"column":24},"end":{"line":148,"column":30}},"85":{"start":{"line":151,"column":24},"end":{"line":151,"column":40}},"86":{"start":{"line":152,"column":24},"end":{"line":152,"column":85}},"87":{"start":{"line":153,"column":24},"end":{"line":153,"column":30}},"88":{"start":{"line":156,"column":24},"end":{"line":156,"column":40}},"89":{"start":{"line":157,"column":24},"end":{"line":157,"column":83}},"90":{"start":{"line":158,"column":24},"end":{"line":158,"column":30}},"91":{"start":{"line":161,"column":24},"end":{"line":161,"column":40}},"92":{"start":{"line":162,"column":24},"end":{"line":162,"column":81}},"93":{"start":{"line":163,"column":24},"end":{"line":163,"column":30}},"94":{"start":{"line":166,"column":24},"end":{"line":166,"column":40}},"95":{"start":{"line":167,"column":46},"end":{"line":167,"column":134}},"96":{"start":{"line":168,"column":50},"end":{"line":168,"column":124}},"97":{"start":{"line":169,"column":24},"end":{"line":169,"column":74}},"98":{"start":{"line":170,"column":24},"end":{"line":170,"column":30}},"99":{"start":{"line":173,"column":24},"end":{"line":173,"column":30}},"100":{"start":{"line":175,"column":16},"end":{"line":175,"column":48}},"101":{"start":{"line":177,"column":12},"end":{"line":177,"column":24}},"102":{"start":{"line":179,"column":8},"end":{"line":186,"column":9}},"103":{"start":{"line":180,"column":12},"end":{"line":180,"column":48}},"104":{"start":{"line":183,"column":12},"end":{"line":183,"column":47}},"105":{"start":{"line":184,"column":12},"end":{"line":184,"column":37}},"106":{"start":{"line":185,"column":12},"end":{"line":185,"column":48}},"107":{"start":{"line":187,"column":8},"end":{"line":187,"column":24}},"108":{"start":{"line":190,"column":8},"end":{"line":190,"column":23}},"109":{"start":{"line":191,"column":8},"end":{"line":191,"column":42}},"110":{"start":{"line":195,"column":20},"end":{"line":197,"column":1}},"111":{"start":{"line":196,"column":4},"end":{"line":196,"column":88}},"112":{"start":{"line":196,"column":58},"end":{"line":196,"column":84}},"113":{"start":{"line":199,"column":0},"end":{"line":202,"column":2}},"114":{"start":{"line":203,"column":0},"end":{"line":203,"column":41}}},"fnMap":{"0":{"name":"(anonymous_0)","decl":{"start":{"line":2,"column":21},"end":{"line":2,"column":22}},"loc":{"start":{"line":2,"column":32},"end":{"line":193,"column":1}},"line":2},"1":{"name":"(anonymous_1)","decl":{"start":{"line":6,"column":32},"end":{"line":6,"column":33}},"loc":{"start":{"line":6,"column":49},"end":{"line":22,"column":9}},"line":6},"2":{"name":"(anonymous_2)","decl":{"start":{"line":23,"column":31},"end":{"line":23,"column":32}},"loc":{"start":{"line":23,"column":48},"end":{"line":178,"column":9}},"line":23},"3":{"name":"(anonymous_3)","decl":{"start":{"line":24,"column":37},"end":{"line":24,"column":38}},"loc":{"start":{"line":24,"column":45},"end":{"line":24,"column":80}},"line":24},"4":{"name":"(anonymous_4)","decl":{"start":{"line":26,"column":29},"end":{"line":26,"column":30}},"loc":{"start":{"line":26,"column":45},"end":{"line":176,"column":13}},"line":26},"5":{"name":"(anonymous_5)","decl":{"start":{"line":195,"column":20},"end":{"line":195,"column":21}},"loc":{"start":{"line":195,"column":33},"end":{"line":197,"column":1}},"line":195},"6":{"name":"(anonymous_6)","decl":{"start":{"line":196,"column":40},"end":{"line":196,"column":41}},"loc":{"start":{"line":196,"column":56},"end":{"line":196,"column":86}},"line":196}},"branchMap":{"0":{"loc":{"start":{"line":20,"column":30},"end":{"line":20,"column":63}},"type":"cond-expr","locations":[{"start":{"line":20,"column":51},"end":{"line":20,"column":55}},{"start":{"line":20,"column":58},"end":{"line":20,"column":63}}],"line":20},"1":{"loc":{"start":{"line":27,"column":16},"end":{"line":174,"column":17}},"type":"switch","locations":[{"start":{"line":28,"column":20},"end":{"line":37,"column":21}},{"start":{"line":38,"column":20},"end":{"line":42,"column":21}},{"start":{"line":43,"column":20},"end":{"line":49,"column":21}},{"start":{"line":50,"column":20},"end":{"line":54,"column":21}},{"start":{"line":55,"column":20},"end":{"line":61,"column":21}},{"start":{"line":62,"column":20},"end":{"line":69,"column":21}},{"start":{"line":70,"column":20},"end":{"line":77,"column":21}},{"start":{"line":78,"column":20},"end":{"line":82,"column":21}},{"start":{"line":83,"column":20},"end":{"line":87,"column":21}},{"start":{"line":88,"column":20},"end":{"line":92,"column":21}},{"start":{"line":93,"column":20},"end":{"line":97,"column":21}},{"start":{"line":98,"column":20},"end":{"line":102,"column":21}},{"start":{"line":103,"column":20},"end":{"line":107,"column":21}},{"start":{"line":108,"column":20},"end":{"line":115,"column":21}},{"start":{"line":116,"column":20},"end":{"line":123,"column":21}},{"start":{"line":124,"column":20},"end":{"line":131,"column":21}},{"start":{"line":132,"column":20},"end":{"line":139,"column":21}},{"start":{"line":140,"column":20},"end":{"line":144,"column":21}},{"start":{"line":145,"column":20},"end":{"line":149,"column":21}},{"start":{"line":150,"column":20},"end":{"line":154,"column":21}},{"start":{"line":155,"column":20},"end":{"line":159,"column":21}},{"start":{"line":160,"column":20},"end":{"line":164,"column":21}},{"start":{"line":165,"column":20},"end":{"line":171,"column":21}},{"start":{"line":172,"column":20},"end":{"line":173,"column":30}}],"line":27},"2":{"loc":{"start":{"line":57,"column":37},"end":{"line":57,"column":101}},"type":"cond-expr","locations":[{"start":{"line":57,"column":64},"end":{"line":57,"column":69}},{"start":{"line":57,"column":72},"end":{"line":57,"column":101}}],"line":57},"3":{"loc":{"start":{"line":58,"column":38},"end":{"line":58,"column":102}},"type":"cond-expr","locations":[{"start":{"line":58,"column":65},"end":{"line":58,"column":70}},{"start":{"line":58,"column":73},"end":{"line":58,"column":102}}],"line":58},"4":{"loc":{"start":{"line":179,"column":8},"end":{"line":186,"column":9}},"type":"if","locations":[{"start":{"line":179,"column":8},"end":{"line":186,"column":9}},{"start":{"line":182,"column":13},"end":{"line":186,"column":9}}],"line":179}},"s":{"0":1,"1":1,"2":18,"3":18,"4":18,"5":18,"6":18,"7":18,"8":18,"9":18,"10":18,"11":18,"12":18,"13":18,"14":18,"15":18,"16":18,"17":14,"18":310,"19":14,"20":14,"21":68,"22":8,"23":8,"24":8,"25":8,"26":8,"27":2,"28":2,"29":2,"30":2,"31":2,"32":2,"33":2,"34":2,"35":2,"36":2,"37":2,"38":2,"39":2,"40":2,"41":2,"42":2,"43":2,"44":2,"45":2,"46":2,"47":2,"48":2,"49":2,"50":2,"51":2,"52":2,"53":2,"54":2,"55":2,"56":2,"57":2,"58":2,"59":2,"60":2,"61":2,"62":2,"63":2,"64":2,"65":2,"66":2,"67":2,"68":2,"69":2,"70":4,"71":4,"72":4,"73":2,"74":2,"75":2,"76":2,"77":2,"78":2,"79":4,"80":4,"81":4,"82":2,"83":2,"84":2,"85":4,"86":4,"87":4,"88":6,"89":6,"90":6,"91":2,"92":2,"93":2,"94":2,"95":2,"96":2,"97":2,"98":2,"99":6,"100":68,"101":14,"102":18,"103":4,"104":14,"105":14,"106":14,"107":18,"108":0,"109":0,"110":1,"111":9,"112":169,"113":1,"114":1},"f":{"0":18,"1":18,"2":14,"3":310,"4":68,"5":9,"6":169},"b":{"0":[8,10],"1":[8,2,2,2,2,2,2,2,2,2,2,2,2,2,4,2,2,4,2,4,6,2,2,6],"2":[0,2],"3":[0,2],"4":[4,14]},"_coverageSchema":"1a1c01bbd47fc00a2c39e90264f33305004495a9","hash":"6d38f192096cbd08afb5c3eac0539c12469093ef"}
}
