TN:
SF:decoder.js
FN:2,(anonymous_0)
FN:6,(anonymous_1)
FN:23,(anonymous_2)
FN:24,(anonymous_3)
FN:26,(anonymous_4)
FN:195,(anonymous_5)
FN:196,(anonymous_6)
FNF:7
FNH:7
FNDA:18,(anonymous_0)
FNDA:18,(anonymous_1)
FNDA:14,(anonymous_2)
FNDA:310,(anonymous_3)
FNDA:68,(anonymous_4)
FNDA:9,(anonymous_5)
FNDA:169,(anonymous_6)
DA:1,1
DA:2,1
DA:3,18
DA:4,18
DA:5,18
DA:6,18
DA:7,18
DA:9,18
DA:10,18
DA:12,18
DA:13,18
DA:15,18
DA:17,18
DA:18,18
DA:20,18
DA:21,18
DA:23,18
DA:24,310
DA:25,14
DA:26,14
DA:27,68
DA:29,8
DA:30,8
DA:31,8
DA:32,8
DA:36,8
DA:39,2
DA:40,2
DA:41,2
DA:44,2
DA:45,2
DA:46,2
DA:47,2
DA:48,2
DA:51,2
DA:52,2
DA:53,2
DA:56,2
DA:57,2
DA:58,2
DA:59,2
DA:60,2
DA:63,2
DA:64,2
DA:68,2
DA:71,2
DA:72,2
DA:76,2
DA:79,2
DA:80,2
DA:81,2
DA:84,2
DA:85,2
DA:86,2
DA:89,2
DA:90,2
DA:91,2
DA:94,2
DA:95,2
DA:96,2
DA:99,2
DA:100,2
DA:101,2
DA:104,2
DA:105,2
DA:106,2
DA:109,2
DA:110,2
DA:114,2
DA:117,4
DA:118,4
DA:122,4
DA:125,2
DA:126,2
DA:130,2
DA:133,2
DA:134,2
DA:138,2
DA:141,4
DA:142,4
DA:143,4
DA:146,2
DA:147,2
DA:148,2
DA:151,4
DA:152,4
DA:153,4
DA:156,6
DA:157,6
DA:158,6
DA:161,2
DA:162,2
DA:163,2
DA:166,2
DA:167,2
DA:168,2
DA:169,2
DA:170,2
DA:173,6
DA:175,68
DA:177,14
DA:179,18
DA:180,4
DA:183,14
DA:184,14
DA:185,14
DA:187,18
DA:190,0
DA:191,0
DA:195,1
DA:196,169
DA:199,1
DA:203,1
LF:113
LH:111
BRDA:20,0,0,8
BRDA:20,0,1,10
BRDA:27,1,0,8
BRDA:27,1,1,2
BRDA:27,1,2,2
BRDA:27,1,3,2
BRDA:27,1,4,2
BRDA:27,1,5,2
BRDA:27,1,6,2
BRDA:27,1,7,2
BRDA:27,1,8,2
BRDA:27,1,9,2
BRDA:27,1,10,2
BRDA:27,1,11,2
BRDA:27,1,12,2
BRDA:27,1,13,2
BRDA:27,1,14,4
BRDA:27,1,15,2
BRDA:27,1,16,2
BRDA:27,1,17,4
BRDA:27,1,18,2
BRDA:27,1,19,4
BRDA:27,1,20,6
BRDA:27,1,21,2
BRDA:27,1,22,2
BRDA:27,1,23,6
BRDA:57,2,0,0
BRDA:57,2,1,2
BRDA:58,3,0,0
BRDA:58,3,1,2
BRDA:179,4,0,4
BRDA:179,4,1,14
BRF:32
BRH:30
end_of_record
