TN:
SF:decoder.js
FN:2,(anonymous_0)
FN:6,(anonymous_1)
FN:23,(anonymous_2)
FN:24,(anonymous_3)
FN:26,(anonymous_4)
FN:195,(anonymous_5)
FN:196,(anonymous_6)
FNF:7
FNH:7
FNDA:5,(anonymous_0)
FNDA:5,(anonymous_1)
FNDA:3,(anonymous_2)
FNDA:33,(anonymous_3)
FNDA:2,(anonymous_4)
FNDA:5,(anonymous_5)
FNDA:57,(anonymous_6)
DA:1,1
DA:2,1
DA:3,5
DA:4,5
DA:5,5
DA:6,5
DA:7,5
DA:9,5
DA:10,5
DA:12,5
DA:13,5
DA:15,5
DA:17,5
DA:18,5
DA:20,5
DA:21,5
DA:23,5
DA:24,33
DA:25,3
DA:26,3
DA:27,2
DA:29,2
DA:30,2
DA:31,2
DA:32,2
DA:36,2
DA:39,0
DA:40,0
DA:41,0
DA:44,0
DA:45,0
DA:46,0
DA:47,0
DA:48,0
DA:51,0
DA:52,0
DA:53,0
DA:56,0
DA:57,0
DA:58,0
DA:59,0
DA:60,0
DA:63,0
DA:64,0
DA:68,0
DA:71,0
DA:72,0
DA:76,0
DA:79,0
DA:80,0
DA:81,0
DA:84,0
DA:85,0
DA:86,0
DA:89,0
DA:90,0
DA:91,0
DA:94,0
DA:95,0
DA:96,0
DA:99,0
DA:100,0
DA:101,0
DA:104,0
DA:105,0
DA:106,0
DA:109,0
DA:110,0
DA:114,0
DA:117,0
DA:118,0
DA:122,0
DA:125,0
DA:126,0
DA:130,0
DA:133,0
DA:134,0
DA:138,0
DA:141,0
DA:142,0
DA:143,0
DA:146,0
DA:147,0
DA:148,0
DA:151,0
DA:152,0
DA:153,0
DA:156,0
DA:157,0
DA:158,0
DA:161,0
DA:162,0
DA:163,0
DA:166,0
DA:167,0
DA:168,0
DA:169,0
DA:170,0
DA:173,0
DA:175,2
DA:177,3
DA:179,5
DA:180,2
DA:183,3
DA:184,3
DA:185,3
DA:187,5
DA:190,0
DA:191,0
DA:195,1
DA:196,57
DA:199,1
DA:200,1
DA:201,1
DA:202,1
DA:203,1
DA:204,1
DA:205,1
DA:206,1
DA:207,1
DA:208,1
DA:209,1
DA:210,1
DA:211,1
DA:212,1
DA:213,1
DA:214,1
DA:215,1
DA:216,1
DA:219,1
LF:130
LH:55
BRDA:20,0,0,4
BRDA:20,0,1,1
BRDA:27,1,0,2
BRDA:27,1,1,0
BRDA:27,1,2,0
BRDA:27,1,3,0
BRDA:27,1,4,0
BRDA:27,1,5,0
BRDA:27,1,6,0
BRDA:27,1,7,0
BRDA:27,1,8,0
BRDA:27,1,9,0
BRDA:27,1,10,0
BRDA:27,1,11,0
BRDA:27,1,12,0
BRDA:27,1,13,0
BRDA:27,1,14,0
BRDA:27,1,15,0
BRDA:27,1,16,0
BRDA:27,1,17,0
BRDA:27,1,18,0
BRDA:27,1,19,0
BRDA:27,1,20,0
BRDA:27,1,21,0
BRDA:27,1,22,0
BRDA:27,1,23,0
BRDA:57,2,0,0
BRDA:57,2,1,0
BRDA:58,3,0,0
BRDA:58,3,1,0
BRDA:179,4,0,2
BRDA:179,4,1,3
BRF:32
BRH:5
end_of_record
